<?xml version="1.0" encoding="UTF-8"?>
<testsuite xmlns:xsi="http://www.w3.org/2001/XMLSchema-instance" xsi:schemaLocation="https://maven.apache.org/surefire/maven-surefire-plugin/xsd/surefire-test-report.xsd" name="br.com.ppcustomer.address.tests.CustomerAddressTest" time="14.181" tests="14" errors="0" skipped="0" failures="9">
  <properties>
    <property name="java.runtime.name" value="OpenJDK Runtime Environment"/>
    <property name="java.vm.version" value="11.0.17+8-post-Ubuntu-1ubuntu222.04"/>
    <property name="sun.boot.library.path" value="/usr/lib/jvm/java-11-openjdk-amd64/lib"/>
    <property name="user.country.format" value="BR"/>
    <property name="maven.multiModuleProjectDirectory" value="/home/tribo-qa/eclipse-workspace/ppcustomer-tests"/>
    <property name="java.vm.vendor" value="Ubuntu"/>
    <property name="java.vendor.url" value="https://ubuntu.com/"/>
    <property name="guice.disable.misplaced.annotation.check" value="true"/>
    <property name="path.separator" value=":"/>
    <property name="java.vm.name" value="OpenJDK 64-Bit Server VM"/>
    <property name="sun.os.patch.level" value="unknown"/>
    <property name="user.country" value="US"/>
    <property name="sun.java.launcher" value="SUN_STANDARD"/>
    <property name="java.vm.specification.name" value="Java Virtual Machine Specification"/>
    <property name="user.dir" value="/home/tribo-qa/eclipse-workspace/ppcustomer-tests"/>
    <property name="java.vm.compressedOopsMode" value="32-bit"/>
    <property name="java.runtime.version" value="11.0.17+8-post-Ubuntu-1ubuntu222.04"/>
    <property name="java.awt.graphicsenv" value="sun.awt.X11GraphicsEnvironment"/>
    <property name="os.arch" value="amd64"/>
    <property name="java.io.tmpdir" value="/tmp"/>
    <property name="line.separator" value="&#10;"/>
    <property name="java.vm.specification.vendor" value="Oracle Corporation"/>
    <property name="os.name" value="Linux"/>
    <property name="classworlds.conf" value="/usr/share/maven/bin/m2.conf"/>
    <property name="sun.jnu.encoding" value="UTF-8"/>
    <property name="java.library.path" value="/usr/java/packages/lib:/usr/lib/x86_64-linux-gnu/jni:/lib/x86_64-linux-gnu:/usr/lib/x86_64-linux-gnu:/usr/lib/jni:/lib:/usr/lib"/>
    <property name="maven.conf" value="/usr/share/maven/conf"/>
    <property name="jdk.debug" value="release"/>
    <property name="java.class.version" value="55.0"/>
    <property name="java.specification.name" value="Java Platform API Specification"/>
    <property name="sun.management.compiler" value="HotSpot 64-Bit Tiered Compilers"/>
    <property name="os.version" value="5.15.0-58-generic"/>
    <property name="library.jansi.path" value="/usr/share/maven/lib/jansi-native"/>
    <property name="user.home" value="/home/tribo-qa"/>
    <property name="user.timezone" value="America/Sao_Paulo"/>
    <property name="java.awt.printerjob" value="sun.print.PSPrinterJob"/>
    <property name="file.encoding" value="UTF-8"/>
    <property name="java.specification.version" value="11"/>
    <property name="user.name" value="tribo-qa"/>
    <property name="java.class.path" value="/usr/share/maven/boot/plexus-classworlds-2.x.jar"/>
    <property name="java.vm.specification.version" value="11"/>
    <property name="sun.arch.data.model" value="64"/>
    <property name="sun.java.command" value="org.codehaus.plexus.classworlds.launcher.Launcher clean install"/>
    <property name="java.home" value="/usr/lib/jvm/java-11-openjdk-amd64"/>
    <property name="user.language" value="en"/>
    <property name="java.specification.vendor" value="Oracle Corporation"/>
    <property name="user.language.format" value="pt"/>
    <property name="awt.toolkit" value="sun.awt.X11.XToolkit"/>
    <property name="java.vm.info" value="mixed mode, sharing"/>
    <property name="java.version" value="11.0.17"/>
    <property name="java.vendor" value="Ubuntu"/>
    <property name="maven.home" value="/usr/share/maven"/>
    <property name="file.separator" value="/"/>
    <property name="java.version.date" value="2022-10-18"/>
    <property name="java.vendor.url.bug" value="https://bugs.launchpad.net/ubuntu/+source/openjdk-lts"/>
    <property name="sun.io.unicode.encoding" value="UnicodeLittle"/>
    <property name="sun.cpu.endian" value="little"/>
    <property name="sun.desktop" value="gnome"/>
    <property name="sun.cpu.isalist" value=""/>
  </properties>
  <testcase name="shouldReturnError400WhenDistrictNotInformed" classname="br.com.ppcustomer.address.tests.CustomerAddressTest" time="1.185">
    <failure message="1 expectation failed.&#10;Expected status code &lt;400&gt; but was &lt;200&gt;.&#10;" type="java.lang.AssertionError"><![CDATA[java.lang.AssertionError: 
1 expectation failed.
Expected status code <400> but was <200>.

	at br.com.ppcustomer.address.tests.CustomerAddressTest.shouldReturnError400WhenDistrictNotInformed(CustomerAddressTest.java:228)
]]></failure>
  </testcase>
  <testcase name="shouldReturnError401WhenTokenDoesNotExistOnGet" classname="br.com.ppcustomer.address.tests.CustomerAddressTest" time="0.178"/>
  <testcase name="shouldReturnError401WhenInvalidTokenOnGet" classname="br.com.ppcustomer.address.tests.CustomerAddressTest" time="0.188"/>
  <testcase name="shouldReturnError400WhenStateNotInformed" classname="br.com.ppcustomer.address.tests.CustomerAddressTest" time="0.629">
    <failure message="1 expectation failed.&#10;Expected status code &lt;400&gt; but was &lt;200&gt;.&#10;" type="java.lang.AssertionError"><![CDATA[java.lang.AssertionError: 
1 expectation failed.
Expected status code <400> but was <200>.

	at br.com.ppcustomer.address.tests.CustomerAddressTest.shouldReturnError400WhenStateNotInformed(CustomerAddressTest.java:168)
]]></failure>
  </testcase>
  <testcase name="shouldReturnError401WhenTokenDoesNotExistOnCreate" classname="br.com.ppcustomer.address.tests.CustomerAddressTest" time="0.181"/>
  <testcase name="shouldReturn200WhenTokenExistAndValidateFields" classname="br.com.ppcustomer.address.tests.CustomerAddressTest" time="4.561">
    <failure message="1 expectation failed.&#10;JSON path state[270] doesn&apos;t match.&#10;Expected: is &quot;Santa Cataria&quot;&#10;  Actual: null&#10;" type="java.lang.AssertionError">java.lang.AssertionError: 
1 expectation failed.
JSON path state[270] doesn't match.
Expected: is "Santa Cataria"
  Actual: null

	at br.com.ppcustomer.address.tests.CustomerAddressTest.shouldReturn200WhenTokenExistAndValidateFields(CustomerAddressTest.java:340)
</failure>
  </testcase>
  <testcase name="shouldReturnError400WhenCityNotInformed" classname="br.com.ppcustomer.address.tests.CustomerAddressTest" time="0.241">
    <failure message="1 expectation failed.&#10;Expected status code &lt;400&gt; but was &lt;200&gt;.&#10;" type="java.lang.AssertionError"><![CDATA[java.lang.AssertionError: 
1 expectation failed.
Expected status code <400> but was <200>.

	at br.com.ppcustomer.address.tests.CustomerAddressTest.shouldReturnError400WhenCityNotInformed(CustomerAddressTest.java:198)
]]></failure>
  </testcase>
  <testcase name="shouldReturnError400WhenVoidBody" classname="br.com.ppcustomer.address.tests.CustomerAddressTest" time="0.511"/>
  <testcase name="shouldReturnError400WhenVoidBodyWithKeys" classname="br.com.ppcustomer.address.tests.CustomerAddressTest" time="0.737">
    <failure message="1 expectation failed.&#10;Expected status code &lt;400&gt; but was &lt;200&gt;.&#10;" type="java.lang.AssertionError"><![CDATA[java.lang.AssertionError: 
1 expectation failed.
Expected status code <400> but was <200>.

	at br.com.ppcustomer.address.tests.CustomerAddressTest.shouldReturnError400WhenVoidBodyWithKeys(CustomerAddressTest.java:107)
]]></failure>
  </testcase>
  <testcase name="ShouldReturnError400WhenTryingToCreateASecondHOMETypeAddress" classname="br.com.ppcustomer.address.tests.CustomerAddressTest" time="0.766">
    <failure message="1 expectation failed.&#10;Expected status code &lt;400&gt; but was &lt;200&gt;.&#10;" type="java.lang.AssertionError"><![CDATA[java.lang.AssertionError: 
1 expectation failed.
Expected status code <400> but was <200>.

	at br.com.ppcustomer.address.tests.CustomerAddressTest.ShouldReturnError400WhenTryingToCreateASecondHOMETypeAddress(CustomerAddressTest.java:382)
]]></failure>
  </testcase>
  <testcase name="shouldReturnError400WhenStreetNotInformed" classname="br.com.ppcustomer.address.tests.CustomerAddressTest" time="0.733">
    <failure message="1 expectation failed.&#10;Expected status code &lt;400&gt; but was &lt;200&gt;.&#10;" type="java.lang.AssertionError"><![CDATA[java.lang.AssertionError: 
1 expectation failed.
Expected status code <400> but was <200>.

	at br.com.ppcustomer.address.tests.CustomerAddressTest.shouldReturnError400WhenStreetNotInformed(CustomerAddressTest.java:257)
]]></failure>
  </testcase>
  <testcase name="shouldReturnError400WhenPostalCodeNotInformed" classname="br.com.ppcustomer.address.tests.CustomerAddressTest" time="3.346">
    <failure message="1 expectation failed.&#10;Expected status code &lt;400&gt; but was &lt;200&gt;.&#10;" type="java.lang.AssertionError"><![CDATA[java.lang.AssertionError: 
1 expectation failed.
Expected status code <400> but was <200>.

	at br.com.ppcustomer.address.tests.CustomerAddressTest.shouldReturnError400WhenPostalCodeNotInformed(CustomerAddressTest.java:288)
]]></failure>
  </testcase>
  <testcase name="shouldReturnError401WhenInvalidTokenOnCreate" classname="br.com.ppcustomer.address.tests.CustomerAddressTest" time="0.175"/>
  <testcase name="shouldReturnError400WhenCountryNotInformed" classname="br.com.ppcustomer.address.tests.CustomerAddressTest" time="0.736">
    <failure message="1 expectation failed.&#10;Expected status code &lt;400&gt; but was &lt;200&gt;.&#10;" type="java.lang.AssertionError"><![CDATA[java.lang.AssertionError: 
1 expectation failed.
Expected status code <400> but was <200>.

	at br.com.ppcustomer.address.tests.CustomerAddressTest.shouldReturnError400WhenCountryNotInformed(CustomerAddressTest.java:137)
]]></failure>
  </testcase>
</testsuite>