<?xml version="1.0" encoding="UTF-8"?>
<testsuite xmlns:xsi="http://www.w3.org/2001/XMLSchema-instance" xsi:schemaLocation="https://maven.apache.org/surefire/maven-surefire-plugin/xsd/surefire-test-report.xsd" name="br.com.ppcustomer.address.tests.CustomerAddressTest" time="14.181" tests="14" errors="0" skipped="0" failures="9">
  <properties>
[...]
</properties>
  <testcase name="shouldReturnError400WhenDistrictNotInformed" classname="br.com.ppcustomer.address.tests.CustomerAddressTest" time="1.185">
    <failure message="1 expectation failed.&#10;Expected status code &lt;400&gt; but was &lt;200&gt;.&#10;" type="java.lang.AssertionError"><![CDATA[java.lang.AssertionError: 
1 expectation failed.
Expected status code <400> but was <200>.

	at br.com.ppcustomer.address.tests.CustomerAddressTest.shouldReturnError400WhenDistrictNotInformed(CustomerAddressTest.java:228)
]]></failure>
  </testcase>
  <testcase name="shouldReturnError401WhenTokenDoesNotExistOnGet" classname="br.com.ppcustomer.address.tests.CustomerAddressTest" time="0.178"/>
  <testcase name="shouldReturnError401WhenInvalidTokenOnGet" classname="br.com.ppcustomer.address.tests.CustomerAddressTest" time="0.188"/>
  <testcase name="shouldReturnError400WhenStateNotInformed" classname="br.com.ppcustomer.address.tests.CustomerAddressTest" time="0.629">
    <failure message="1 expectation failed.&#10;Expected status code &lt;400&gt; but was &lt;200&gt;.&#10;" type="java.lang.AssertionError"><![CDATA[java.lang.AssertionError: 
1 expectation failed.
Expected status code <400> but was <200>.

	at br.com.ppcustomer.address.tests.CustomerAddressTest.shouldReturnError400WhenStateNotInformed(CustomerAddressTest.java:168)
]]></failure>
  </testcase>
  <testcase name="shouldReturnError401WhenTokenDoesNotExistOnCreate" classname="br.com.ppcustomer.address.tests.CustomerAddressTest" time="0.181"/>
  <testcase name="shouldReturn200WhenTokenExistAndValidateFields" classname="br.com.ppcustomer.address.tests.CustomerAddressTest" time="4.561">
    <failure message="1 expectation failed.&#10;JSON path state[270] doesn&apos;t match.&#10;Expected: is &quot;Santa Cataria&quot;&#10;  Actual: null&#10;" type="java.lang.AssertionError">java.lang.AssertionError: 
1 expectation failed.
JSON path state[270] doesn't match.
Expected: is "Santa Cataria"
  Actual: null

	at br.com.ppcustomer.address.tests.CustomerAddressTest.shouldReturn200WhenTokenExistAndValidateFields(CustomerAddressTest.java:340)
</failure>
  </testcase>
  <testcase name="shouldReturnError400WhenCityNotInformed" classname="br.com.ppcustomer.address.tests.CustomerAddressTest" time="0.241">
    <failure message="1 expectation failed.&#10;Expected status code &lt;400&gt; but was &lt;200&gt;.&#10;" type="java.lang.AssertionError"><![CDATA[java.lang.AssertionError: 
1 expectation failed.
Expected status code <400> but was <200>.

	at br.com.ppcustomer.address.tests.CustomerAddressTest.shouldReturnError400WhenCityNotInformed(CustomerAddressTest.java:198)
]]></failure>
  </testcase>
  <testcase name="shouldReturnError400WhenVoidBody" classname="br.com.ppcustomer.address.tests.CustomerAddressTest" time="0.511"/>
  <testcase name="shouldReturnError400WhenVoidBodyWithKeys" classname="br.com.ppcustomer.address.tests.CustomerAddressTest" time="0.737">
    <failure message="1 expectation failed.&#10;Expected status code &lt;400&gt; but was &lt;200&gt;.&#10;" type="java.lang.AssertionError"><![CDATA[java.lang.AssertionError: 
1 expectation failed.
Expected status code <400> but was <200>.

	at br.com.ppcustomer.address.tests.CustomerAddressTest.shouldReturnError400WhenVoidBodyWithKeys(CustomerAddressTest.java:107)
]]></failure>
  </testcase>
  <testcase name="ShouldReturnError400WhenTryingToCreateASecondHOMETypeAddress" classname="br.com.ppcustomer.address.tests.CustomerAddressTest" time="0.766">
    <failure message="1 expectation failed.&#10;Expected status code &lt;400&gt; but was &lt;200&gt;.&#10;" type="java.lang.AssertionError"><![CDATA[java.lang.AssertionError: 
1 expectation failed.
Expected status code <400> but was <200>.

	at br.com.ppcustomer.address.tests.CustomerAddressTest.ShouldReturnError400WhenTryingToCreateASecondHOMETypeAddress(CustomerAddressTest.java:382)
]]></failure>
  </testcase>
  <testcase name="shouldReturnError400WhenStreetNotInformed" classname="br.com.ppcustomer.address.tests.CustomerAddressTest" time="0.733">
    <failure message="1 expectation failed.&#10;Expected status code &lt;400&gt; but was &lt;200&gt;.&#10;" type="java.lang.AssertionError"><![CDATA[java.lang.AssertionError: 
1 expectation failed.
Expected status code <400> but was <200>.

	at br.com.ppcustomer.address.tests.CustomerAddressTest.shouldReturnError400WhenStreetNotInformed(CustomerAddressTest.java:257)
]]></failure>
  </testcase>
  <testcase name="shouldReturnError400WhenPostalCodeNotInformed" classname="br.com.ppcustomer.address.tests.CustomerAddressTest" time="3.346">
    <failure message="1 expectation failed.&#10;Expected status code &lt;400&gt; but was &lt;200&gt;.&#10;" type="java.lang.AssertionError"><![CDATA[java.lang.AssertionError: 
1 expectation failed.
Expected status code <400> but was <200>.

	at br.com.ppcustomer.address.tests.CustomerAddressTest.shouldReturnError400WhenPostalCodeNotInformed(CustomerAddressTest.java:288)
]]></failure>
  </testcase>
  <testcase name="shouldReturnError401WhenInvalidTokenOnCreate" classname="br.com.ppcustomer.address.tests.CustomerAddressTest" time="0.175"/>
  <testcase name="shouldReturnError400WhenCountryNotInformed" classname="br.com.ppcustomer.address.tests.CustomerAddressTest" time="0.736">
    <failure message="1 expectation failed.&#10;Expected status code &lt;400&gt; but was &lt;200&gt;.&#10;" type="java.lang.AssertionError"><![CDATA[java.lang.AssertionError: 
1 expectation failed.
Expected status code <400> but was <200>.

	at br.com.ppcustomer.address.tests.CustomerAddressTest.shouldReturnError400WhenCountryNotInformed(CustomerAddressTest.java:137)
]]></failure>
  </testcase>
</testsuite>